[mellprivacy.site/topsdoprivacy/index.html]
[backblue.gif]
[fade.gif]
[index.html]
[mellprivacy.site/topsdoprivacy/images/logo.png]
[mellprivacy.site/topsdoprivacy/js/fbevents.js]
[mellprivacy.site/topsdoprivacy/css/style.css]
[cdn.utmify.com.br/scripts/pixel/pixel.js]
[mellprivacy.site/topsdoprivacy/images/logo.svg]
[mellprivacy.site/topsdoprivacy/js/req.js]
[mellprivacy.site/topsdoprivacy/images/banner.webp]
[mellprivacy.site/topsdoprivacy/images/profile.webp]
[mellprivacy.site/topsdoprivacy/images/badge-check.svg]
[cdn.utmify.com.br/scripts/utms/latest.js]
[mellprivacy.site/topsdoprivacy/images/2.webp]
[mellprivacy.site/topsdoprivacy/images/white-logo.png]
[mellprivacy.site/topsdoprivacy/images/3.webp]
[mellprivacy.site/topsdoprivacy/images/4.webp]
[mellprivacy.site/topsdoprivacy/media/1.mp4]
[mellprivacy.site/topsdoprivacy/baseUrl, window.location.origin]
[mellprivacy.site/topsdoprivacy/index.html]
[mellprivacy.site/topsdoprivacy/a]
[mellprivacy.site/topsdoprivacy/POST]
[mellprivacy.site/topsdoprivacy/b.resolvedLink]
[mellprivacy.site/signals/iwl.js]
[mellprivacy.site/topsdoprivacy/js/fbevents.js]
[mellprivacy.site/topsdoprivacy/css/style.css]
[mellprivacy.site/topsdoprivacy/images/logo.svg]
[mellprivacy.site/topsdoprivacy/js/req.js]
[mellprivacy.site/topsdoprivacy/images/badge-check.svg]
[mellprivacy.site/topsdoprivacy/baseUrl, window.location.html]
[mellprivacy.site/topsdoprivacy/a.html]
[mellprivacy.site/topsdoprivacy/POST.html]
[mellprivacy.site/topsdoprivacy/schema.org/index.html]
[mellprivacy.site/topsdoprivacy/schema.org/index.html]
[mellprivacy.site/topsdoprivacy/b.html]
[mellprivacy.site/signals/iwl.html]
